[2021-04-21 14:02:12] local.ERROR: compact(): Undefined variable: fornedores {"exception":"[object] (ErrorException(code: 0): compact(): Undefined variable: fornedores at /home/alucard/Documents/trabalho/AULAS/Laravel/app_super_gestao/app/Http/Controllers/FornecedorController.php:12)
[stacktrace]
#0 [internal function]: Illuminate\\Foundation\\Bootstrap\\HandleExceptions->handleError()
#1 /home/alucard/Documents/trabalho/AULAS/Laravel/app_super_gestao/app/Http/Controllers/FornecedorController.php(12): compact()
#2 /home/alucard/Documents/trabalho/AULAS/Laravel/app_super_gestao/vendor/laravel/framework/src/Illuminate/Routing/Controller.php(54): App\\Http\\Controllers\\FornecedorController->index()
#3 /home/alucard/Documents/trabalho/AULAS/Laravel/app_super_gestao/vendor/laravel/framework/src/Illuminate/Routing/ControllerDispatcher.php(45): Illuminate\\Routing\\Controller->callAction()
#4 /home/alucard/Documents/trabalho/AULAS/Laravel/app_super_gestao/vendor/laravel/framework/src/Illuminate/Routing/Route.php(239): Illuminate\\Routing\\ControllerDispatcher->dispatch()
#5 /home/alucard/Documents/trabalho/AULAS/Laravel/app_super_gestao/vendor/laravel/framework/src/Illuminate/Routing/Route.php(196): Illuminate\\Routing\\Route->runController()
#6 /home/alucard/Documents/trabalho/AULAS/Laravel/app_super_gestao/vendor/laravel/framework/src/Illuminate/Routing/Router.php(685): Illuminate\\Routing\\Route->run()
#7 /home/alucard/Documents/trabalho/AULAS/Laravel/app_super_gestao/vendor/laravel/framework/src/Illuminate/Pipeline/Pipeline.php(128): Illuminate\\Routing\\Router->Illuminate\\Routing\\{closure}()
#8 /home/alucard/Documents/trabalho/AULAS/Laravel/app_super_gestao/vendor/laravel/framework/src/Illuminate/Routing/Middleware/SubstituteBindings.php(41): Illuminate\\Pipeline\\Pipeline->Illuminate\\Pipeline\\{closure}()
#9 /home/alucard/Documents/trabalho/AULAS/Laravel/app_super_gestao/vendor/laravel/framework/src/Illuminate/Pipeline/Pipeline.php(167): Illuminate\\Routing\\Middleware\\SubstituteBindings->handle()
#10 /home/alucard/Documents/trabalho/AULAS/Laravel/app_super_gestao/vendor/laravel/framework/src/Illuminate/Foundation/Http/Middleware/VerifyCsrfToken.php(78): Illuminate\\Pipeline\\Pipeline->Illuminate\\Pipeline\\{closure}()
#11 /home/alucard/Documents/trabalho/AULAS/Laravel/app_super_gestao/vendor/laravel/framework/src/Illuminate/Pipeline/Pipeline.php(167): Illuminate\\Foundation\\Http\\Middleware\\VerifyCsrfToken->handle()
#12 /home/alucard/Documents/trabalho/AULAS/Laravel/app_super_gestao/vendor/laravel/framework/src/Illuminate/View/Middleware/ShareErrorsFromSession.php(49): Illuminate\\Pipeline\\Pipeline->Illuminate\\Pipeline\\{closure}()
#13 /home/alucard/Documents/trabalho/AULAS/Laravel/app_super_gestao/vendor/laravel/framework/src/Illuminate/Pipeline/Pipeline.php(167): Illuminate\\View\\Middleware\\ShareErrorsFromSession->handle()
#14 /home/alucard/Documents/trabalho/AULAS/Laravel/app_super_gestao/vendor/laravel/framework/src/Illuminate/Session/Middleware/StartSession.php(116): Illuminate\\Pipeline\\Pipeline->Illuminate\\Pipeline\\{closure}()
#15 /home/alucard/Documents/trabalho/AULAS/Laravel/app_super_gestao/vendor/laravel/framework/src/Illuminate/Session/Middleware/StartSession.php(62): Illuminate\\Session\\Middleware\\StartSession->handleStatefulRequest()
#16 /home/alucard/Documents/trabalho/AULAS/Laravel/app_super_gestao/vendor/laravel/framework/src/Illuminate/Pipeline/Pipeline.php(167): Illuminate\\Session\\Middleware\\StartSession->handle()
#17 /home/alucard/Documents/trabalho/AULAS/Laravel/app_super_gestao/vendor/laravel/framework/src/Illuminate/Cookie/Middleware/AddQueuedCookiesToResponse.php(37): Illuminate\\Pipeline\\Pipeline->Illuminate\\Pipeline\\{closure}()
#18 /home/alucard/Documents/trabalho/AULAS/Laravel/app_super_gestao/vendor/laravel/framework/src/Illuminate/Pipeline/Pipeline.php(167): Illuminate\\Cookie\\Middleware\\AddQueuedCookiesToResponse->handle()
#19 /home/alucard/Documents/trabalho/AULAS/Laravel/app_super_gestao/vendor/laravel/framework/src/Illuminate/Cookie/Middleware/EncryptCookies.php(67): Illuminate\\Pipeline\\Pipeline->Illuminate\\Pipeline\\{closure}()
#20 /home/alucard/Documents/trabalho/AULAS/Laravel/app_super_gestao/vendor/laravel/framework/src/Illuminate/Pipeline/Pipeline.php(167): Illuminate\\Cookie\\Middleware\\EncryptCookies->handle()
#21 /home/alucard/Documents/trabalho/AULAS/Laravel/app_super_gestao/vendor/laravel/framework/src/Illuminate/Pipeline/Pipeline.php(103): Illuminate\\Pipeline\\Pipeline->Illuminate\\Pipeline\\{closure}()
#22 /home/alucard/Documents/trabalho/AULAS/Laravel/app_super_gestao/vendor/laravel/framework/src/Illuminate/Routing/Router.php(687): Illuminate\\Pipeline\\Pipeline->then()
#23 /home/alucard/Documents/trabalho/AULAS/Laravel/app_super_gestao/vendor/laravel/framework/src/Illuminate/Routing/Router.php(662): Illuminate\\Routing\\Router->runRouteWithinStack()
#24 /home/alucard/Documents/trabalho/AULAS/Laravel/app_super_gestao/vendor/laravel/framework/src/Illuminate/Routing/Router.php(628): Illuminate\\Routing\\Router->runRoute()
#25 /home/alucard/Documents/trabalho/AULAS/Laravel/app_super_gestao/vendor/laravel/framework/src/Illuminate/Routing/Router.php(617): Illuminate\\Routing\\Router->dispatchToRoute()
#26 /home/alucard/Documents/trabalho/AULAS/Laravel/app_super_gestao/vendor/laravel/framework/src/Illuminate/Foundation/Http/Kernel.php(165): Illuminate\\Routing\\Router->dispatch()
#27 /home/alucard/Documents/trabalho/AULAS/Laravel/app_super_gestao/vendor/laravel/framework/src/Illuminate/Pipeline/Pipeline.php(128): Illuminate\\Foundation\\Http\\Kernel->Illuminate\\Foundation\\Http\\{closure}()
#28 /home/alucard/Documents/trabalho/AULAS/Laravel/app_super_gestao/vendor/laravel/framework/src/Illuminate/Foundation/Http/Middleware/TransformsRequest.php(21): Illuminate\\Pipeline\\Pipeline->Illuminate\\Pipeline\\{closure}()
#29 /home/alucard/Documents/trabalho/AULAS/Laravel/app_super_gestao/vendor/laravel/framework/src/Illuminate/Pipeline/Pipeline.php(167): Illuminate\\Foundation\\Http\\Middleware\\TransformsRequest->handle()
#30 /home/alucard/Documents/trabalho/AULAS/Laravel/app_super_gestao/vendor/laravel/framework/src/Illuminate/Foundation/Http/Middleware/TransformsRequest.php(21): Illuminate\\Pipeline\\Pipeline->Illuminate\\Pipeline\\{closure}()
#31 /home/alucard/Documents/trabalho/AULAS/Laravel/app_super_gestao/vendor/laravel/framework/src/Illuminate/Pipeline/Pipeline.php(167): Illuminate\\Foundation\\Http\\Middleware\\TransformsRequest->handle()
#32 /home/alucard/Documents/trabalho/AULAS/Laravel/app_super_gestao/vendor/laravel/framework/src/Illuminate/Foundation/Http/Middleware/ValidatePostSize.php(27): Illuminate\\Pipeline\\Pipeline->Illuminate\\Pipeline\\{closure}()
#33 /home/alucard/Documents/trabalho/AULAS/Laravel/app_super_gestao/vendor/laravel/framework/src/Illuminate/Pipeline/Pipeline.php(167): Illuminate\\Foundation\\Http\\Middleware\\ValidatePostSize->handle()
#34 /home/alucard/Documents/trabalho/AULAS/Laravel/app_super_gestao/vendor/laravel/framework/src/Illuminate/Foundation/Http/Middleware/CheckForMaintenanceMode.php(63): Illuminate\\Pipeline\\Pipeline->Illuminate\\Pipeline\\{closure}()
#35 /home/alucard/Documents/trabalho/AULAS/Laravel/app_super_gestao/vendor/laravel/framework/src/Illuminate/Pipeline/Pipeline.php(167): Illuminate\\Foundation\\Http\\Middleware\\CheckForMaintenanceMode->handle()
#36 /home/alucard/Documents/trabalho/AULAS/Laravel/app_super_gestao/vendor/fruitcake/laravel-cors/src/HandleCors.php(37): Illuminate\\Pipeline\\Pipeline->Illuminate\\Pipeline\\{closure}()
#37 /home/alucard/Documents/trabalho/AULAS/Laravel/app_super_gestao/vendor/laravel/framework/src/Illuminate/Pipeline/Pipeline.php(167): Fruitcake\\Cors\\HandleCors->handle()
#38 /home/alucard/Documents/trabalho/AULAS/Laravel/app_super_gestao/vendor/fideloper/proxy/src/TrustProxies.php(57): Illuminate\\Pipeline\\Pipeline->Illuminate\\Pipeline\\{closure}()
#39 /home/alucard/Documents/trabalho/AULAS/Laravel/app_super_gestao/vendor/laravel/framework/src/Illuminate/Pipeline/Pipeline.php(167): Fideloper\\Proxy\\TrustProxies->handle()
#40 /home/alucard/Documents/trabalho/AULAS/Laravel/app_super_gestao/vendor/laravel/framework/src/Illuminate/Pipeline/Pipeline.php(103): Illuminate\\Pipeline\\Pipeline->Illuminate\\Pipeline\\{closure}()
#41 /home/alucard/Documents/trabalho/AULAS/Laravel/app_super_gestao/vendor/laravel/framework/src/Illuminate/Foundation/Http/Kernel.php(140): Illuminate\\Pipeline\\Pipeline->then()
#42 /home/alucard/Documents/trabalho/AULAS/Laravel/app_super_gestao/vendor/laravel/framework/src/Illuminate/Foundation/Http/Kernel.php(109): Illuminate\\Foundation\\Http\\Kernel->sendRequestThroughRouter()
#43 /home/alucard/Documents/trabalho/AULAS/Laravel/app_super_gestao/public/index.php(55): Illuminate\\Foundation\\Http\\Kernel->handle()
#44 /home/alucard/Documents/trabalho/AULAS/Laravel/app_super_gestao/server.php(21): require_once('/home/alucard/D...')
#45 {main}
"} 
[2021-04-21 14:25:40] local.ERROR: syntax error, unexpected ')' (View: /home/alucard/Documents/trabalho/AULAS/Laravel/app_super_gestao/resources/views/app/fornecedor/index.blade.php) {"exception":"[object] (Facade\\Ignition\\Exceptions\\ViewException(code: 0): syntax error, unexpected ')' (View: /home/alucard/Documents/trabalho/AULAS/Laravel/app_super_gestao/resources/views/app/fornecedor/index.blade.php) at /home/alucard/Documents/trabalho/AULAS/Laravel/app_super_gestao/resources/views/app/fornecedor/index.blade.php:19)
[stacktrace]
#0 /home/alucard/Documents/trabalho/AULAS/Laravel/app_super_gestao/vendor/laravel/framework/src/Illuminate/View/Engines/CompilerEngine.php(57): Illuminate\\View\\Engines\\PhpEngine->evaluatePath()
#1 /home/alucard/Documents/trabalho/AULAS/Laravel/app_super_gestao/vendor/facade/ignition/src/Views/Engines/CompilerEngine.php(37): Illuminate\\View\\Engines\\CompilerEngine->get()
#2 /home/alucard/Documents/trabalho/AULAS/Laravel/app_super_gestao/vendor/laravel/framework/src/Illuminate/View/View.php(139): Facade\\Ignition\\Views\\Engines\\CompilerEngine->get()
#3 /home/alucard/Documents/trabalho/AULAS/Laravel/app_super_gestao/vendor/laravel/framework/src/Illuminate/View/View.php(122): Illuminate\\View\\View->getContents()
#4 /home/alucard/Documents/trabalho/AULAS/Laravel/app_super_gestao/vendor/laravel/framework/src/Illuminate/View/View.php(91): Illuminate\\View\\View->renderContents()
#5 /home/alucard/Documents/trabalho/AULAS/Laravel/app_super_gestao/vendor/laravel/framework/src/Illuminate/Http/Response.php(62): Illuminate\\View\\View->render()
#6 /home/alucard/Documents/trabalho/AULAS/Laravel/app_super_gestao/vendor/laravel/framework/src/Illuminate/Http/Response.php(34): Illuminate\\Http\\Response->setContent()
#7 /home/alucard/Documents/trabalho/AULAS/Laravel/app_super_gestao/vendor/laravel/framework/src/Illuminate/Routing/Router.php(759): Illuminate\\Http\\Response->__construct()
#8 /home/alucard/Documents/trabalho/AULAS/Laravel/app_super_gestao/vendor/laravel/framework/src/Illuminate/Routing/Router.php(731): Illuminate\\Routing\\Router::toResponse()
#9 /home/alucard/Documents/trabalho/AULAS/Laravel/app_super_gestao/vendor/laravel/framework/src/Illuminate/Routing/Router.php(685): Illuminate\\Routing\\Router->prepareResponse()
#10 /home/alucard/Documents/trabalho/AULAS/Laravel/app_super_gestao/vendor/laravel/framework/src/Illuminate/Pipeline/Pipeline.php(128): Illuminate\\Routing\\Router->Illuminate\\Routing\\{closure}()
#11 /home/alucard/Documents/trabalho/AULAS/Laravel/app_super_gestao/vendor/laravel/framework/src/Illuminate/Routing/Middleware/SubstituteBindings.php(41): Illuminate\\Pipeline\\Pipeline->Illuminate\\Pipeline\\{closure}()
#12 /home/alucard/Documents/trabalho/AULAS/Laravel/app_super_gestao/vendor/laravel/framework/src/Illuminate/Pipeline/Pipeline.php(167): Illuminate\\Routing\\Middleware\\SubstituteBindings->handle()
#13 /home/alucard/Documents/trabalho/AULAS/Laravel/app_super_gestao/vendor/laravel/framework/src/Illuminate/Foundation/Http/Middleware/VerifyCsrfToken.php(78): Illuminate\\Pipeline\\Pipeline->Illuminate\\Pipeline\\{closure}()
#14 /home/alucard/Documents/trabalho/AULAS/Laravel/app_super_gestao/vendor/laravel/framework/src/Illuminate/Pipeline/Pipeline.php(167): Illuminate\\Foundation\\Http\\Middleware\\VerifyCsrfToken->handle()
#15 /home/alucard/Documents/trabalho/AULAS/Laravel/app_super_gestao/vendor/laravel/framework/src/Illuminate/View/Middleware/ShareErrorsFromSession.php(49): Illuminate\\Pipeline\\Pipeline->Illuminate\\Pipeline\\{closure}()
#16 /home/alucard/Documents/trabalho/AULAS/Laravel/app_super_gestao/vendor/laravel/framework/src/Illuminate/Pipeline/Pipeline.php(167): Illuminate\\View\\Middleware\\ShareErrorsFromSession->handle()
#17 /home/alucard/Documents/trabalho/AULAS/Laravel/app_super_gestao/vendor/laravel/framework/src/Illuminate/Session/Middleware/StartSession.php(116): Illuminate\\Pipeline\\Pipeline->Illuminate\\Pipeline\\{closure}()
#18 /home/alucard/Documents/trabalho/AULAS/Laravel/app_super_gestao/vendor/laravel/framework/src/Illuminate/Session/Middleware/StartSession.php(62): Illuminate\\Session\\Middleware\\StartSession->handleStatefulRequest()
#19 /home/alucard/Documents/trabalho/AULAS/Laravel/app_super_gestao/vendor/laravel/framework/src/Illuminate/Pipeline/Pipeline.php(167): Illuminate\\Session\\Middleware\\StartSession->handle()
#20 /home/alucard/Documents/trabalho/AULAS/Laravel/app_super_gestao/vendor/laravel/framework/src/Illuminate/Cookie/Middleware/AddQueuedCookiesToResponse.php(37): Illuminate\\Pipeline\\Pipeline->Illuminate\\Pipeline\\{closure}()
#21 /home/alucard/Documents/trabalho/AULAS/Laravel/app_super_gestao/vendor/laravel/framework/src/Illuminate/Pipeline/Pipeline.php(167): Illuminate\\Cookie\\Middleware\\AddQueuedCookiesToResponse->handle()
#22 /home/alucard/Documents/trabalho/AULAS/Laravel/app_super_gestao/vendor/laravel/framework/src/Illuminate/Cookie/Middleware/EncryptCookies.php(67): Illuminate\\Pipeline\\Pipeline->Illuminate\\Pipeline\\{closure}()
#23 /home/alucard/Documents/trabalho/AULAS/Laravel/app_super_gestao/vendor/laravel/framework/src/Illuminate/Pipeline/Pipeline.php(167): Illuminate\\Cookie\\Middleware\\EncryptCookies->handle()
#24 /home/alucard/Documents/trabalho/AULAS/Laravel/app_super_gestao/vendor/laravel/framework/src/Illuminate/Pipeline/Pipeline.php(103): Illuminate\\Pipeline\\Pipeline->Illuminate\\Pipeline\\{closure}()
#25 /home/alucard/Documents/trabalho/AULAS/Laravel/app_super_gestao/vendor/laravel/framework/src/Illuminate/Routing/Router.php(687): Illuminate\\Pipeline\\Pipeline->then()
#26 /home/alucard/Documents/trabalho/AULAS/Laravel/app_super_gestao/vendor/laravel/framework/src/Illuminate/Routing/Router.php(662): Illuminate\\Routing\\Router->runRouteWithinStack()
#27 /home/alucard/Documents/trabalho/AULAS/Laravel/app_super_gestao/vendor/laravel/framework/src/Illuminate/Routing/Router.php(628): Illuminate\\Routing\\Router->runRoute()
#28 /home/alucard/Documents/trabalho/AULAS/Laravel/app_super_gestao/vendor/laravel/framework/src/Illuminate/Routing/Router.php(617): Illuminate\\Routing\\Router->dispatchToRoute()
#29 /home/alucard/Documents/trabalho/AULAS/Laravel/app_super_gestao/vendor/laravel/framework/src/Illuminate/Foundation/Http/Kernel.php(165): Illuminate\\Routing\\Router->dispatch()
#30 /home/alucard/Documents/trabalho/AULAS/Laravel/app_super_gestao/vendor/laravel/framework/src/Illuminate/Pipeline/Pipeline.php(128): Illuminate\\Foundation\\Http\\Kernel->Illuminate\\Foundation\\Http\\{closure}()
#31 /home/alucard/Documents/trabalho/AULAS/Laravel/app_super_gestao/vendor/laravel/framework/src/Illuminate/Foundation/Http/Middleware/TransformsRequest.php(21): Illuminate\\Pipeline\\Pipeline->Illuminate\\Pipeline\\{closure}()
#32 /home/alucard/Documents/trabalho/AULAS/Laravel/app_super_gestao/vendor/laravel/framework/src/Illuminate/Pipeline/Pipeline.php(167): Illuminate\\Foundation\\Http\\Middleware\\TransformsRequest->handle()
#33 /home/alucard/Documents/trabalho/AULAS/Laravel/app_super_gestao/vendor/laravel/framework/src/Illuminate/Foundation/Http/Middleware/TransformsRequest.php(21): Illuminate\\Pipeline\\Pipeline->Illuminate\\Pipeline\\{closure}()
#34 /home/alucard/Documents/trabalho/AULAS/Laravel/app_super_gestao/vendor/laravel/framework/src/Illuminate/Pipeline/Pipeline.php(167): Illuminate\\Foundation\\Http\\Middleware\\TransformsRequest->handle()
#35 /home/alucard/Documents/trabalho/AULAS/Laravel/app_super_gestao/vendor/laravel/framework/src/Illuminate/Foundation/Http/Middleware/ValidatePostSize.php(27): Illuminate\\Pipeline\\Pipeline->Illuminate\\Pipeline\\{closure}()
#36 /home/alucard/Documents/trabalho/AULAS/Laravel/app_super_gestao/vendor/laravel/framework/src/Illuminate/Pipeline/Pipeline.php(167): Illuminate\\Foundation\\Http\\Middleware\\ValidatePostSize->handle()
#37 /home/alucard/Documents/trabalho/AULAS/Laravel/app_super_gestao/vendor/laravel/framework/src/Illuminate/Foundation/Http/Middleware/CheckForMaintenanceMode.php(63): Illuminate\\Pipeline\\Pipeline->Illuminate\\Pipeline\\{closure}()
#38 /home/alucard/Documents/trabalho/AULAS/Laravel/app_super_gestao/vendor/laravel/framework/src/Illuminate/Pipeline/Pipeline.php(167): Illuminate\\Foundation\\Http\\Middleware\\CheckForMaintenanceMode->handle()
#39 /home/alucard/Documents/trabalho/AULAS/Laravel/app_super_gestao/vendor/fruitcake/laravel-cors/src/HandleCors.php(37): Illuminate\\Pipeline\\Pipeline->Illuminate\\Pipeline\\{closure}()
#40 /home/alucard/Documents/trabalho/AULAS/Laravel/app_super_gestao/vendor/laravel/framework/src/Illuminate/Pipeline/Pipeline.php(167): Fruitcake\\Cors\\HandleCors->handle()
#41 /home/alucard/Documents/trabalho/AULAS/Laravel/app_super_gestao/vendor/fideloper/proxy/src/TrustProxies.php(57): Illuminate\\Pipeline\\Pipeline->Illuminate\\Pipeline\\{closure}()
#42 /home/alucard/Documents/trabalho/AULAS/Laravel/app_super_gestao/vendor/laravel/framework/src/Illuminate/Pipeline/Pipeline.php(167): Fideloper\\Proxy\\TrustProxies->handle()
#43 /home/alucard/Documents/trabalho/AULAS/Laravel/app_super_gestao/vendor/laravel/framework/src/Illuminate/Pipeline/Pipeline.php(103): Illuminate\\Pipeline\\Pipeline->Illuminate\\Pipeline\\{closure}()
#44 /home/alucard/Documents/trabalho/AULAS/Laravel/app_super_gestao/vendor/laravel/framework/src/Illuminate/Foundation/Http/Kernel.php(140): Illuminate\\Pipeline\\Pipeline->then()
#45 /home/alucard/Documents/trabalho/AULAS/Laravel/app_super_gestao/vendor/laravel/framework/src/Illuminate/Foundation/Http/Kernel.php(109): Illuminate\\Foundation\\Http\\Kernel->sendRequestThroughRouter()
#46 /home/alucard/Documents/trabalho/AULAS/Laravel/app_super_gestao/public/index.php(55): Illuminate\\Foundation\\Http\\Kernel->handle()
#47 /home/alucard/Documents/trabalho/AULAS/Laravel/app_super_gestao/server.php(21): require_once('/home/alucard/D...')
#48 {main}

[previous exception] [object] (ParseError(code: 0): syntax error, unexpected ')' at /home/alucard/Documents/trabalho/AULAS/Laravel/app_super_gestao/storage/framework/views/eb8acf8a468fa7bf6a4fe7ebb8d5d43145c64f39.php:21)
[stacktrace]
#0 /home/alucard/Documents/trabalho/AULAS/Laravel/app_super_gestao/vendor/laravel/framework/src/Illuminate/View/Engines/CompilerEngine.php(57): Illuminate\\View\\Engines\\PhpEngine->evaluatePath()
#1 /home/alucard/Documents/trabalho/AULAS/Laravel/app_super_gestao/vendor/facade/ignition/src/Views/Engines/CompilerEngine.php(37): Illuminate\\View\\Engines\\CompilerEngine->get()
#2 /home/alucard/Documents/trabalho/AULAS/Laravel/app_super_gestao/vendor/laravel/framework/src/Illuminate/View/View.php(139): Facade\\Ignition\\Views\\Engines\\CompilerEngine->get()
#3 /home/alucard/Documents/trabalho/AULAS/Laravel/app_super_gestao/vendor/laravel/framework/src/Illuminate/View/View.php(122): Illuminate\\View\\View->getContents()
#4 /home/alucard/Documents/trabalho/AULAS/Laravel/app_super_gestao/vendor/laravel/framework/src/Illuminate/View/View.php(91): Illuminate\\View\\View->renderContents()
#5 /home/alucard/Documents/trabalho/AULAS/Laravel/app_super_gestao/vendor/laravel/framework/src/Illuminate/Http/Response.php(62): Illuminate\\View\\View->render()
#6 /home/alucard/Documents/trabalho/AULAS/Laravel/app_super_gestao/vendor/laravel/framework/src/Illuminate/Http/Response.php(34): Illuminate\\Http\\Response->setContent()
#7 /home/alucard/Documents/trabalho/AULAS/Laravel/app_super_gestao/vendor/laravel/framework/src/Illuminate/Routing/Router.php(759): Illuminate\\Http\\Response->__construct()
#8 /home/alucard/Documents/trabalho/AULAS/Laravel/app_super_gestao/vendor/laravel/framework/src/Illuminate/Routing/Router.php(731): Illuminate\\Routing\\Router::toResponse()
#9 /home/alucard/Documents/trabalho/AULAS/Laravel/app_super_gestao/vendor/laravel/framework/src/Illuminate/Routing/Router.php(685): Illuminate\\Routing\\Router->prepareResponse()
#10 /home/alucard/Documents/trabalho/AULAS/Laravel/app_super_gestao/vendor/laravel/framework/src/Illuminate/Pipeline/Pipeline.php(128): Illuminate\\Routing\\Router->Illuminate\\Routing\\{closure}()
#11 /home/alucard/Documents/trabalho/AULAS/Laravel/app_super_gestao/vendor/laravel/framework/src/Illuminate/Routing/Middleware/SubstituteBindings.php(41): Illuminate\\Pipeline\\Pipeline->Illuminate\\Pipeline\\{closure}()
#12 /home/alucard/Documents/trabalho/AULAS/Laravel/app_super_gestao/vendor/laravel/framework/src/Illuminate/Pipeline/Pipeline.php(167): Illuminate\\Routing\\Middleware\\SubstituteBindings->handle()
#13 /home/alucard/Documents/trabalho/AULAS/Laravel/app_super_gestao/vendor/laravel/framework/src/Illuminate/Foundation/Http/Middleware/VerifyCsrfToken.php(78): Illuminate\\Pipeline\\Pipeline->Illuminate\\Pipeline\\{closure}()
#14 /home/alucard/Documents/trabalho/AULAS/Laravel/app_super_gestao/vendor/laravel/framework/src/Illuminate/Pipeline/Pipeline.php(167): Illuminate\\Foundation\\Http\\Middleware\\VerifyCsrfToken->handle()
#15 /home/alucard/Documents/trabalho/AULAS/Laravel/app_super_gestao/vendor/laravel/framework/src/Illuminate/View/Middleware/ShareErrorsFromSession.php(49): Illuminate\\Pipeline\\Pipeline->Illuminate\\Pipeline\\{closure}()
#16 /home/alucard/Documents/trabalho/AULAS/Laravel/app_super_gestao/vendor/laravel/framework/src/Illuminate/Pipeline/Pipeline.php(167): Illuminate\\View\\Middleware\\ShareErrorsFromSession->handle()
#17 /home/alucard/Documents/trabalho/AULAS/Laravel/app_super_gestao/vendor/laravel/framework/src/Illuminate/Session/Middleware/StartSession.php(116): Illuminate\\Pipeline\\Pipeline->Illuminate\\Pipeline\\{closure}()
#18 /home/alucard/Documents/trabalho/AULAS/Laravel/app_super_gestao/vendor/laravel/framework/src/Illuminate/Session/Middleware/StartSession.php(62): Illuminate\\Session\\Middleware\\StartSession->handleStatefulRequest()
#19 /home/alucard/Documents/trabalho/AULAS/Laravel/app_super_gestao/vendor/laravel/framework/src/Illuminate/Pipeline/Pipeline.php(167): Illuminate\\Session\\Middleware\\StartSession->handle()
#20 /home/alucard/Documents/trabalho/AULAS/Laravel/app_super_gestao/vendor/laravel/framework/src/Illuminate/Cookie/Middleware/AddQueuedCookiesToResponse.php(37): Illuminate\\Pipeline\\Pipeline->Illuminate\\Pipeline\\{closure}()
#21 /home/alucard/Documents/trabalho/AULAS/Laravel/app_super_gestao/vendor/laravel/framework/src/Illuminate/Pipeline/Pipeline.php(167): Illuminate\\Cookie\\Middleware\\AddQueuedCookiesToResponse->handle()
#22 /home/alucard/Documents/trabalho/AULAS/Laravel/app_super_gestao/vendor/laravel/framework/src/Illuminate/Cookie/Middleware/EncryptCookies.php(67): Illuminate\\Pipeline\\Pipeline->Illuminate\\Pipeline\\{closure}()
#23 /home/alucard/Documents/trabalho/AULAS/Laravel/app_super_gestao/vendor/laravel/framework/src/Illuminate/Pipeline/Pipeline.php(167): Illuminate\\Cookie\\Middleware\\EncryptCookies->handle()
#24 /home/alucard/Documents/trabalho/AULAS/Laravel/app_super_gestao/vendor/laravel/framework/src/Illuminate/Pipeline/Pipeline.php(103): Illuminate\\Pipeline\\Pipeline->Illuminate\\Pipeline\\{closure}()
#25 /home/alucard/Documents/trabalho/AULAS/Laravel/app_super_gestao/vendor/laravel/framework/src/Illuminate/Routing/Router.php(687): Illuminate\\Pipeline\\Pipeline->then()
#26 /home/alucard/Documents/trabalho/AULAS/Laravel/app_super_gestao/vendor/laravel/framework/src/Illuminate/Routing/Router.php(662): Illuminate\\Routing\\Router->runRouteWithinStack()
#27 /home/alucard/Documents/trabalho/AULAS/Laravel/app_super_gestao/vendor/laravel/framework/src/Illuminate/Routing/Router.php(628): Illuminate\\Routing\\Router->runRoute()
#28 /home/alucard/Documents/trabalho/AULAS/Laravel/app_super_gestao/vendor/laravel/framework/src/Illuminate/Routing/Router.php(617): Illuminate\\Routing\\Router->dispatchToRoute()
#29 /home/alucard/Documents/trabalho/AULAS/Laravel/app_super_gestao/vendor/laravel/framework/src/Illuminate/Foundation/Http/Kernel.php(165): Illuminate\\Routing\\Router->dispatch()
#30 /home/alucard/Documents/trabalho/AULAS/Laravel/app_super_gestao/vendor/laravel/framework/src/Illuminate/Pipeline/Pipeline.php(128): Illuminate\\Foundation\\Http\\Kernel->Illuminate\\Foundation\\Http\\{closure}()
#31 /home/alucard/Documents/trabalho/AULAS/Laravel/app_super_gestao/vendor/laravel/framework/src/Illuminate/Foundation/Http/Middleware/TransformsRequest.php(21): Illuminate\\Pipeline\\Pipeline->Illuminate\\Pipeline\\{closure}()
#32 /home/alucard/Documents/trabalho/AULAS/Laravel/app_super_gestao/vendor/laravel/framework/src/Illuminate/Pipeline/Pipeline.php(167): Illuminate\\Foundation\\Http\\Middleware\\TransformsRequest->handle()
#33 /home/alucard/Documents/trabalho/AULAS/Laravel/app_super_gestao/vendor/laravel/framework/src/Illuminate/Foundation/Http/Middleware/TransformsRequest.php(21): Illuminate\\Pipeline\\Pipeline->Illuminate\\Pipeline\\{closure}()
#34 /home/alucard/Documents/trabalho/AULAS/Laravel/app_super_gestao/vendor/laravel/framework/src/Illuminate/Pipeline/Pipeline.php(167): Illuminate\\Foundation\\Http\\Middleware\\TransformsRequest->handle()
#35 /home/alucard/Documents/trabalho/AULAS/Laravel/app_super_gestao/vendor/laravel/framework/src/Illuminate/Foundation/Http/Middleware/ValidatePostSize.php(27): Illuminate\\Pipeline\\Pipeline->Illuminate\\Pipeline\\{closure}()
#36 /home/alucard/Documents/trabalho/AULAS/Laravel/app_super_gestao/vendor/laravel/framework/src/Illuminate/Pipeline/Pipeline.php(167): Illuminate\\Foundation\\Http\\Middleware\\ValidatePostSize->handle()
#37 /home/alucard/Documents/trabalho/AULAS/Laravel/app_super_gestao/vendor/laravel/framework/src/Illuminate/Foundation/Http/Middleware/CheckForMaintenanceMode.php(63): Illuminate\\Pipeline\\Pipeline->Illuminate\\Pipeline\\{closure}()
#38 /home/alucard/Documents/trabalho/AULAS/Laravel/app_super_gestao/vendor/laravel/framework/src/Illuminate/Pipeline/Pipeline.php(167): Illuminate\\Foundation\\Http\\Middleware\\CheckForMaintenanceMode->handle()
#39 /home/alucard/Documents/trabalho/AULAS/Laravel/app_super_gestao/vendor/fruitcake/laravel-cors/src/HandleCors.php(37): Illuminate\\Pipeline\\Pipeline->Illuminate\\Pipeline\\{closure}()
#40 /home/alucard/Documents/trabalho/AULAS/Laravel/app_super_gestao/vendor/laravel/framework/src/Illuminate/Pipeline/Pipeline.php(167): Fruitcake\\Cors\\HandleCors->handle()
#41 /home/alucard/Documents/trabalho/AULAS/Laravel/app_super_gestao/vendor/fideloper/proxy/src/TrustProxies.php(57): Illuminate\\Pipeline\\Pipeline->Illuminate\\Pipeline\\{closure}()
#42 /home/alucard/Documents/trabalho/AULAS/Laravel/app_super_gestao/vendor/laravel/framework/src/Illuminate/Pipeline/Pipeline.php(167): Fideloper\\Proxy\\TrustProxies->handle()
#43 /home/alucard/Documents/trabalho/AULAS/Laravel/app_super_gestao/vendor/laravel/framework/src/Illuminate/Pipeline/Pipeline.php(103): Illuminate\\Pipeline\\Pipeline->Illuminate\\Pipeline\\{closure}()
#44 /home/alucard/Documents/trabalho/AULAS/Laravel/app_super_gestao/vendor/laravel/framework/src/Illuminate/Foundation/Http/Kernel.php(140): Illuminate\\Pipeline\\Pipeline->then()
#45 /home/alucard/Documents/trabalho/AULAS/Laravel/app_super_gestao/vendor/laravel/framework/src/Illuminate/Foundation/Http/Kernel.php(109): Illuminate\\Foundation\\Http\\Kernel->sendRequestThroughRouter()
#46 /home/alucard/Documents/trabalho/AULAS/Laravel/app_super_gestao/public/index.php(55): Illuminate\\Foundation\\Http\\Kernel->handle()
#47 /home/alucard/Documents/trabalho/AULAS/Laravel/app_super_gestao/server.php(21): require_once('/home/alucard/D...')
#48 {main}
"} 
[2021-04-23 17:42:12] local.ERROR: Cannot end a section without first starting one. (View: /home/alucard/Documents/trabalho/AULAS/Laravel/app_super_gestao/resources/views/site/principal.blade.php) {"exception":"[object] (Facade\\Ignition\\Exceptions\\ViewException(code: 0): Cannot end a section without first starting one. (View: /home/alucard/Documents/trabalho/AULAS/Laravel/app_super_gestao/resources/views/site/principal.blade.php) at /home/alucard/Documents/trabalho/AULAS/Laravel/app_super_gestao/vendor/laravel/framework/src/Illuminate/View/Concerns/ManagesLayouts.php:86)
[stacktrace]
#0 /home/alucard/Documents/trabalho/AULAS/Laravel/app_super_gestao/resources/views/site/principal.blade.php(63): Illuminate\\View\\Factory->stopSection()
#1 /home/alucard/Documents/trabalho/AULAS/Laravel/app_super_gestao/vendor/laravel/framework/src/Illuminate/View/Engines/PhpEngine.php(41): include('/home/alucard/D...')
#2 /home/alucard/Documents/trabalho/AULAS/Laravel/app_super_gestao/vendor/laravel/framework/src/Illuminate/View/Engines/CompilerEngine.php(57): Illuminate\\View\\Engines\\PhpEngine->evaluatePath()
#3 /home/alucard/Documents/trabalho/AULAS/Laravel/app_super_gestao/vendor/facade/ignition/src/Views/Engines/CompilerEngine.php(37): Illuminate\\View\\Engines\\CompilerEngine->get()
#4 /home/alucard/Documents/trabalho/AULAS/Laravel/app_super_gestao/vendor/laravel/framework/src/Illuminate/View/View.php(139): Facade\\Ignition\\Views\\Engines\\CompilerEngine->get()
#5 /home/alucard/Documents/trabalho/AULAS/Laravel/app_super_gestao/vendor/laravel/framework/src/Illuminate/View/View.php(122): Illuminate\\View\\View->getContents()
#6 /home/alucard/Documents/trabalho/AULAS/Laravel/app_super_gestao/vendor/laravel/framework/src/Illuminate/View/View.php(91): Illuminate\\View\\View->renderContents()
#7 /home/alucard/Documents/trabalho/AULAS/Laravel/app_super_gestao/vendor/laravel/framework/src/Illuminate/Http/Response.php(62): Illuminate\\View\\View->render()
#8 /home/alucard/Documents/trabalho/AULAS/Laravel/app_super_gestao/vendor/laravel/framework/src/Illuminate/Http/Response.php(34): Illuminate\\Http\\Response->setContent()
#9 /home/alucard/Documents/trabalho/AULAS/Laravel/app_super_gestao/vendor/laravel/framework/src/Illuminate/Routing/Router.php(759): Illuminate\\Http\\Response->__construct()
#10 /home/alucard/Documents/trabalho/AULAS/Laravel/app_super_gestao/vendor/laravel/framework/src/Illuminate/Routing/Router.php(731): Illuminate\\Routing\\Router::toResponse()
#11 /home/alucard/Documents/trabalho/AULAS/Laravel/app_super_gestao/vendor/laravel/framework/src/Illuminate/Routing/Router.php(685): Illuminate\\Routing\\Router->prepareResponse()
#12 /home/alucard/Documents/trabalho/AULAS/Laravel/app_super_gestao/vendor/laravel/framework/src/Illuminate/Pipeline/Pipeline.php(128): Illuminate\\Routing\\Router->Illuminate\\Routing\\{closure}()
#13 /home/alucard/Documents/trabalho/AULAS/Laravel/app_super_gestao/vendor/laravel/framework/src/Illuminate/Routing/Middleware/SubstituteBindings.php(41): Illuminate\\Pipeline\\Pipeline->Illuminate\\Pipeline\\{closure}()
#14 /home/alucard/Documents/trabalho/AULAS/Laravel/app_super_gestao/vendor/laravel/framework/src/Illuminate/Pipeline/Pipeline.php(167): Illuminate\\Routing\\Middleware\\SubstituteBindings->handle()
#15 /home/alucard/Documents/trabalho/AULAS/Laravel/app_super_gestao/vendor/laravel/framework/src/Illuminate/Foundation/Http/Middleware/VerifyCsrfToken.php(78): Illuminate\\Pipeline\\Pipeline->Illuminate\\Pipeline\\{closure}()
#16 /home/alucard/Documents/trabalho/AULAS/Laravel/app_super_gestao/vendor/laravel/framework/src/Illuminate/Pipeline/Pipeline.php(167): Illuminate\\Foundation\\Http\\Middleware\\VerifyCsrfToken->handle()
#17 /home/alucard/Documents/trabalho/AULAS/Laravel/app_super_gestao/vendor/laravel/framework/src/Illuminate/View/Middleware/ShareErrorsFromSession.php(49): Illuminate\\Pipeline\\Pipeline->Illuminate\\Pipeline\\{closure}()
#18 /home/alucard/Documents/trabalho/AULAS/Laravel/app_super_gestao/vendor/laravel/framework/src/Illuminate/Pipeline/Pipeline.php(167): Illuminate\\View\\Middleware\\ShareErrorsFromSession->handle()
#19 /home/alucard/Documents/trabalho/AULAS/Laravel/app_super_gestao/vendor/laravel/framework/src/Illuminate/Session/Middleware/StartSession.php(116): Illuminate\\Pipeline\\Pipeline->Illuminate\\Pipeline\\{closure}()
#20 /home/alucard/Documents/trabalho/AULAS/Laravel/app_super_gestao/vendor/laravel/framework/src/Illuminate/Session/Middleware/StartSession.php(62): Illuminate\\Session\\Middleware\\StartSession->handleStatefulRequest()
#21 /home/alucard/Documents/trabalho/AULAS/Laravel/app_super_gestao/vendor/laravel/framework/src/Illuminate/Pipeline/Pipeline.php(167): Illuminate\\Session\\Middleware\\StartSession->handle()
#22 /home/alucard/Documents/trabalho/AULAS/Laravel/app_super_gestao/vendor/laravel/framework/src/Illuminate/Cookie/Middleware/AddQueuedCookiesToResponse.php(37): Illuminate\\Pipeline\\Pipeline->Illuminate\\Pipeline\\{closure}()
#23 /home/alucard/Documents/trabalho/AULAS/Laravel/app_super_gestao/vendor/laravel/framework/src/Illuminate/Pipeline/Pipeline.php(167): Illuminate\\Cookie\\Middleware\\AddQueuedCookiesToResponse->handle()
#24 /home/alucard/Documents/trabalho/AULAS/Laravel/app_super_gestao/vendor/laravel/framework/src/Illuminate/Cookie/Middleware/EncryptCookies.php(67): Illuminate\\Pipeline\\Pipeline->Illuminate\\Pipeline\\{closure}()
#25 /home/alucard/Documents/trabalho/AULAS/Laravel/app_super_gestao/vendor/laravel/framework/src/Illuminate/Pipeline/Pipeline.php(167): Illuminate\\Cookie\\Middleware\\EncryptCookies->handle()
#26 /home/alucard/Documents/trabalho/AULAS/Laravel/app_super_gestao/vendor/laravel/framework/src/Illuminate/Pipeline/Pipeline.php(103): Illuminate\\Pipeline\\Pipeline->Illuminate\\Pipeline\\{closure}()
#27 /home/alucard/Documents/trabalho/AULAS/Laravel/app_super_gestao/vendor/laravel/framework/src/Illuminate/Routing/Router.php(687): Illuminate\\Pipeline\\Pipeline->then()
#28 /home/alucard/Documents/trabalho/AULAS/Laravel/app_super_gestao/vendor/laravel/framework/src/Illuminate/Routing/Router.php(662): Illuminate\\Routing\\Router->runRouteWithinStack()
#29 /home/alucard/Documents/trabalho/AULAS/Laravel/app_super_gestao/vendor/laravel/framework/src/Illuminate/Routing/Router.php(628): Illuminate\\Routing\\Router->runRoute()
#30 /home/alucard/Documents/trabalho/AULAS/Laravel/app_super_gestao/vendor/laravel/framework/src/Illuminate/Routing/Router.php(617): Illuminate\\Routing\\Router->dispatchToRoute()
#31 /home/alucard/Documents/trabalho/AULAS/Laravel/app_super_gestao/vendor/laravel/framework/src/Illuminate/Foundation/Http/Kernel.php(165): Illuminate\\Routing\\Router->dispatch()
#32 /home/alucard/Documents/trabalho/AULAS/Laravel/app_super_gestao/vendor/laravel/framework/src/Illuminate/Pipeline/Pipeline.php(128): Illuminate\\Foundation\\Http\\Kernel->Illuminate\\Foundation\\Http\\{closure}()
#33 /home/alucard/Documents/trabalho/AULAS/Laravel/app_super_gestao/vendor/laravel/framework/src/Illuminate/Foundation/Http/Middleware/TransformsRequest.php(21): Illuminate\\Pipeline\\Pipeline->Illuminate\\Pipeline\\{closure}()
#34 /home/alucard/Documents/trabalho/AULAS/Laravel/app_super_gestao/vendor/laravel/framework/src/Illuminate/Pipeline/Pipeline.php(167): Illuminate\\Foundation\\Http\\Middleware\\TransformsRequest->handle()
#35 /home/alucard/Documents/trabalho/AULAS/Laravel/app_super_gestao/vendor/laravel/framework/src/Illuminate/Foundation/Http/Middleware/TransformsRequest.php(21): Illuminate\\Pipeline\\Pipeline->Illuminate\\Pipeline\\{closure}()
#36 /home/alucard/Documents/trabalho/AULAS/Laravel/app_super_gestao/vendor/laravel/framework/src/Illuminate/Pipeline/Pipeline.php(167): Illuminate\\Foundation\\Http\\Middleware\\TransformsRequest->handle()
#37 /home/alucard/Documents/trabalho/AULAS/Laravel/app_super_gestao/vendor/laravel/framework/src/Illuminate/Foundation/Http/Middleware/ValidatePostSize.php(27): Illuminate\\Pipeline\\Pipeline->Illuminate\\Pipeline\\{closure}()
#38 /home/alucard/Documents/trabalho/AULAS/Laravel/app_super_gestao/vendor/laravel/framework/src/Illuminate/Pipeline/Pipeline.php(167): Illuminate\\Foundation\\Http\\Middleware\\ValidatePostSize->handle()
#39 /home/alucard/Documents/trabalho/AULAS/Laravel/app_super_gestao/vendor/laravel/framework/src/Illuminate/Foundation/Http/Middleware/CheckForMaintenanceMode.php(63): Illuminate\\Pipeline\\Pipeline->Illuminate\\Pipeline\\{closure}()
#40 /home/alucard/Documents/trabalho/AULAS/Laravel/app_super_gestao/vendor/laravel/framework/src/Illuminate/Pipeline/Pipeline.php(167): Illuminate\\Foundation\\Http\\Middleware\\CheckForMaintenanceMode->handle()
#41 /home/alucard/Documents/trabalho/AULAS/Laravel/app_super_gestao/vendor/fruitcake/laravel-cors/src/HandleCors.php(37): Illuminate\\Pipeline\\Pipeline->Illuminate\\Pipeline\\{closure}()
#42 /home/alucard/Documents/trabalho/AULAS/Laravel/app_super_gestao/vendor/laravel/framework/src/Illuminate/Pipeline/Pipeline.php(167): Fruitcake\\Cors\\HandleCors->handle()
#43 /home/alucard/Documents/trabalho/AULAS/Laravel/app_super_gestao/vendor/fideloper/proxy/src/TrustProxies.php(57): Illuminate\\Pipeline\\Pipeline->Illuminate\\Pipeline\\{closure}()
#44 /home/alucard/Documents/trabalho/AULAS/Laravel/app_super_gestao/vendor/laravel/framework/src/Illuminate/Pipeline/Pipeline.php(167): Fideloper\\Proxy\\TrustProxies->handle()
#45 /home/alucard/Documents/trabalho/AULAS/Laravel/app_super_gestao/vendor/laravel/framework/src/Illuminate/Pipeline/Pipeline.php(103): Illuminate\\Pipeline\\Pipeline->Illuminate\\Pipeline\\{closure}()
#46 /home/alucard/Documents/trabalho/AULAS/Laravel/app_super_gestao/vendor/laravel/framework/src/Illuminate/Foundation/Http/Kernel.php(140): Illuminate\\Pipeline\\Pipeline->then()
#47 /home/alucard/Documents/trabalho/AULAS/Laravel/app_super_gestao/vendor/laravel/framework/src/Illuminate/Foundation/Http/Kernel.php(109): Illuminate\\Foundation\\Http\\Kernel->sendRequestThroughRouter()
#48 /home/alucard/Documents/trabalho/AULAS/Laravel/app_super_gestao/public/index.php(55): Illuminate\\Foundation\\Http\\Kernel->handle()
#49 /home/alucard/Documents/trabalho/AULAS/Laravel/app_super_gestao/server.php(21): require_once('/home/alucard/D...')
#50 {main}

[previous exception] [object] (InvalidArgumentException(code: 0): Cannot end a section without first starting one. at /home/alucard/Documents/trabalho/AULAS/Laravel/app_super_gestao/vendor/laravel/framework/src/Illuminate/View/Concerns/ManagesLayouts.php:86)
[stacktrace]
#0 /home/alucard/Documents/trabalho/AULAS/Laravel/app_super_gestao/storage/framework/views/fc3480a61de352625fe43a73dc65bb9f25a3bf63.php(62): Illuminate\\View\\Factory->stopSection()
#1 /home/alucard/Documents/trabalho/AULAS/Laravel/app_super_gestao/vendor/laravel/framework/src/Illuminate/View/Engines/PhpEngine.php(41): include('/home/alucard/D...')
#2 /home/alucard/Documents/trabalho/AULAS/Laravel/app_super_gestao/vendor/laravel/framework/src/Illuminate/View/Engines/CompilerEngine.php(57): Illuminate\\View\\Engines\\PhpEngine->evaluatePath()
#3 /home/alucard/Documents/trabalho/AULAS/Laravel/app_super_gestao/vendor/facade/ignition/src/Views/Engines/CompilerEngine.php(37): Illuminate\\View\\Engines\\CompilerEngine->get()
#4 /home/alucard/Documents/trabalho/AULAS/Laravel/app_super_gestao/vendor/laravel/framework/src/Illuminate/View/View.php(139): Facade\\Ignition\\Views\\Engines\\CompilerEngine->get()
#5 /home/alucard/Documents/trabalho/AULAS/Laravel/app_super_gestao/vendor/laravel/framework/src/Illuminate/View/View.php(122): Illuminate\\View\\View->getContents()
#6 /home/alucard/Documents/trabalho/AULAS/Laravel/app_super_gestao/vendor/laravel/framework/src/Illuminate/View/View.php(91): Illuminate\\View\\View->renderContents()
#7 /home/alucard/Documents/trabalho/AULAS/Laravel/app_super_gestao/vendor/laravel/framework/src/Illuminate/Http/Response.php(62): Illuminate\\View\\View->render()
#8 /home/alucard/Documents/trabalho/AULAS/Laravel/app_super_gestao/vendor/laravel/framework/src/Illuminate/Http/Response.php(34): Illuminate\\Http\\Response->setContent()
#9 /home/alucard/Documents/trabalho/AULAS/Laravel/app_super_gestao/vendor/laravel/framework/src/Illuminate/Routing/Router.php(759): Illuminate\\Http\\Response->__construct()
#10 /home/alucard/Documents/trabalho/AULAS/Laravel/app_super_gestao/vendor/laravel/framework/src/Illuminate/Routing/Router.php(731): Illuminate\\Routing\\Router::toResponse()
#11 /home/alucard/Documents/trabalho/AULAS/Laravel/app_super_gestao/vendor/laravel/framework/src/Illuminate/Routing/Router.php(685): Illuminate\\Routing\\Router->prepareResponse()
#12 /home/alucard/Documents/trabalho/AULAS/Laravel/app_super_gestao/vendor/laravel/framework/src/Illuminate/Pipeline/Pipeline.php(128): Illuminate\\Routing\\Router->Illuminate\\Routing\\{closure}()
#13 /home/alucard/Documents/trabalho/AULAS/Laravel/app_super_gestao/vendor/laravel/framework/src/Illuminate/Routing/Middleware/SubstituteBindings.php(41): Illuminate\\Pipeline\\Pipeline->Illuminate\\Pipeline\\{closure}()
#14 /home/alucard/Documents/trabalho/AULAS/Laravel/app_super_gestao/vendor/laravel/framework/src/Illuminate/Pipeline/Pipeline.php(167): Illuminate\\Routing\\Middleware\\SubstituteBindings->handle()
#15 /home/alucard/Documents/trabalho/AULAS/Laravel/app_super_gestao/vendor/laravel/framework/src/Illuminate/Foundation/Http/Middleware/VerifyCsrfToken.php(78): Illuminate\\Pipeline\\Pipeline->Illuminate\\Pipeline\\{closure}()
#16 /home/alucard/Documents/trabalho/AULAS/Laravel/app_super_gestao/vendor/laravel/framework/src/Illuminate/Pipeline/Pipeline.php(167): Illuminate\\Foundation\\Http\\Middleware\\VerifyCsrfToken->handle()
#17 /home/alucard/Documents/trabalho/AULAS/Laravel/app_super_gestao/vendor/laravel/framework/src/Illuminate/View/Middleware/ShareErrorsFromSession.php(49): Illuminate\\Pipeline\\Pipeline->Illuminate\\Pipeline\\{closure}()
#18 /home/alucard/Documents/trabalho/AULAS/Laravel/app_super_gestao/vendor/laravel/framework/src/Illuminate/Pipeline/Pipeline.php(167): Illuminate\\View\\Middleware\\ShareErrorsFromSession->handle()
#19 /home/alucard/Documents/trabalho/AULAS/Laravel/app_super_gestao/vendor/laravel/framework/src/Illuminate/Session/Middleware/StartSession.php(116): Illuminate\\Pipeline\\Pipeline->Illuminate\\Pipeline\\{closure}()
#20 /home/alucard/Documents/trabalho/AULAS/Laravel/app_super_gestao/vendor/laravel/framework/src/Illuminate/Session/Middleware/StartSession.php(62): Illuminate\\Session\\Middleware\\StartSession->handleStatefulRequest()
#21 /home/alucard/Documents/trabalho/AULAS/Laravel/app_super_gestao/vendor/laravel/framework/src/Illuminate/Pipeline/Pipeline.php(167): Illuminate\\Session\\Middleware\\StartSession->handle()
#22 /home/alucard/Documents/trabalho/AULAS/Laravel/app_super_gestao/vendor/laravel/framework/src/Illuminate/Cookie/Middleware/AddQueuedCookiesToResponse.php(37): Illuminate\\Pipeline\\Pipeline->Illuminate\\Pipeline\\{closure}()
#23 /home/alucard/Documents/trabalho/AULAS/Laravel/app_super_gestao/vendor/laravel/framework/src/Illuminate/Pipeline/Pipeline.php(167): Illuminate\\Cookie\\Middleware\\AddQueuedCookiesToResponse->handle()
#24 /home/alucard/Documents/trabalho/AULAS/Laravel/app_super_gestao/vendor/laravel/framework/src/Illuminate/Cookie/Middleware/EncryptCookies.php(67): Illuminate\\Pipeline\\Pipeline->Illuminate\\Pipeline\\{closure}()
#25 /home/alucard/Documents/trabalho/AULAS/Laravel/app_super_gestao/vendor/laravel/framework/src/Illuminate/Pipeline/Pipeline.php(167): Illuminate\\Cookie\\Middleware\\EncryptCookies->handle()
#26 /home/alucard/Documents/trabalho/AULAS/Laravel/app_super_gestao/vendor/laravel/framework/src/Illuminate/Pipeline/Pipeline.php(103): Illuminate\\Pipeline\\Pipeline->Illuminate\\Pipeline\\{closure}()
#27 /home/alucard/Documents/trabalho/AULAS/Laravel/app_super_gestao/vendor/laravel/framework/src/Illuminate/Routing/Router.php(687): Illuminate\\Pipeline\\Pipeline->then()
#28 /home/alucard/Documents/trabalho/AULAS/Laravel/app_super_gestao/vendor/laravel/framework/src/Illuminate/Routing/Router.php(662): Illuminate\\Routing\\Router->runRouteWithinStack()
#29 /home/alucard/Documents/trabalho/AULAS/Laravel/app_super_gestao/vendor/laravel/framework/src/Illuminate/Routing/Router.php(628): Illuminate\\Routing\\Router->runRoute()
#30 /home/alucard/Documents/trabalho/AULAS/Laravel/app_super_gestao/vendor/laravel/framework/src/Illuminate/Routing/Router.php(617): Illuminate\\Routing\\Router->dispatchToRoute()
#31 /home/alucard/Documents/trabalho/AULAS/Laravel/app_super_gestao/vendor/laravel/framework/src/Illuminate/Foundation/Http/Kernel.php(165): Illuminate\\Routing\\Router->dispatch()
#32 /home/alucard/Documents/trabalho/AULAS/Laravel/app_super_gestao/vendor/laravel/framework/src/Illuminate/Pipeline/Pipeline.php(128): Illuminate\\Foundation\\Http\\Kernel->Illuminate\\Foundation\\Http\\{closure}()
#33 /home/alucard/Documents/trabalho/AULAS/Laravel/app_super_gestao/vendor/laravel/framework/src/Illuminate/Foundation/Http/Middleware/TransformsRequest.php(21): Illuminate\\Pipeline\\Pipeline->Illuminate\\Pipeline\\{closure}()
#34 /home/alucard/Documents/trabalho/AULAS/Laravel/app_super_gestao/vendor/laravel/framework/src/Illuminate/Pipeline/Pipeline.php(167): Illuminate\\Foundation\\Http\\Middleware\\TransformsRequest->handle()
#35 /home/alucard/Documents/trabalho/AULAS/Laravel/app_super_gestao/vendor/laravel/framework/src/Illuminate/Foundation/Http/Middleware/TransformsRequest.php(21): Illuminate\\Pipeline\\Pipeline->Illuminate\\Pipeline\\{closure}()
#36 /home/alucard/Documents/trabalho/AULAS/Laravel/app_super_gestao/vendor/laravel/framework/src/Illuminate/Pipeline/Pipeline.php(167): Illuminate\\Foundation\\Http\\Middleware\\TransformsRequest->handle()
#37 /home/alucard/Documents/trabalho/AULAS/Laravel/app_super_gestao/vendor/laravel/framework/src/Illuminate/Foundation/Http/Middleware/ValidatePostSize.php(27): Illuminate\\Pipeline\\Pipeline->Illuminate\\Pipeline\\{closure}()
#38 /home/alucard/Documents/trabalho/AULAS/Laravel/app_super_gestao/vendor/laravel/framework/src/Illuminate/Pipeline/Pipeline.php(167): Illuminate\\Foundation\\Http\\Middleware\\ValidatePostSize->handle()
#39 /home/alucard/Documents/trabalho/AULAS/Laravel/app_super_gestao/vendor/laravel/framework/src/Illuminate/Foundation/Http/Middleware/CheckForMaintenanceMode.php(63): Illuminate\\Pipeline\\Pipeline->Illuminate\\Pipeline\\{closure}()
#40 /home/alucard/Documents/trabalho/AULAS/Laravel/app_super_gestao/vendor/laravel/framework/src/Illuminate/Pipeline/Pipeline.php(167): Illuminate\\Foundation\\Http\\Middleware\\CheckForMaintenanceMode->handle()
#41 /home/alucard/Documents/trabalho/AULAS/Laravel/app_super_gestao/vendor/fruitcake/laravel-cors/src/HandleCors.php(37): Illuminate\\Pipeline\\Pipeline->Illuminate\\Pipeline\\{closure}()
#42 /home/alucard/Documents/trabalho/AULAS/Laravel/app_super_gestao/vendor/laravel/framework/src/Illuminate/Pipeline/Pipeline.php(167): Fruitcake\\Cors\\HandleCors->handle()
#43 /home/alucard/Documents/trabalho/AULAS/Laravel/app_super_gestao/vendor/fideloper/proxy/src/TrustProxies.php(57): Illuminate\\Pipeline\\Pipeline->Illuminate\\Pipeline\\{closure}()
#44 /home/alucard/Documents/trabalho/AULAS/Laravel/app_super_gestao/vendor/laravel/framework/src/Illuminate/Pipeline/Pipeline.php(167): Fideloper\\Proxy\\TrustProxies->handle()
#45 /home/alucard/Documents/trabalho/AULAS/Laravel/app_super_gestao/vendor/laravel/framework/src/Illuminate/Pipeline/Pipeline.php(103): Illuminate\\Pipeline\\Pipeline->Illuminate\\Pipeline\\{closure}()
#46 /home/alucard/Documents/trabalho/AULAS/Laravel/app_super_gestao/vendor/laravel/framework/src/Illuminate/Foundation/Http/Kernel.php(140): Illuminate\\Pipeline\\Pipeline->then()
#47 /home/alucard/Documents/trabalho/AULAS/Laravel/app_super_gestao/vendor/laravel/framework/src/Illuminate/Foundation/Http/Kernel.php(109): Illuminate\\Foundation\\Http\\Kernel->sendRequestThroughRouter()
#48 /home/alucard/Documents/trabalho/AULAS/Laravel/app_super_gestao/public/index.php(55): Illuminate\\Foundation\\Http\\Kernel->handle()
#49 /home/alucard/Documents/trabalho/AULAS/Laravel/app_super_gestao/server.php(21): require_once('/home/alucard/D...')
#50 {main}
"} 
